<?xml version="1.0" encoding="UTF-8"?>
<!-- Generated by org.testng.reporters.JUnitReportReporter -->
<testsuite name="com.weeschool.Users.First" tests="1" time="25.135" ignored="0" failures="0" timestamp="23 Mar 2018 18:08:36 GMT" skipped="0" hostname="QT-LT1083" errors="0">
  <testcase name="test" time="25.135" classname="com.weeschool.Users.First"/>
</testsuite> <!-- com.weeschool.Users.First -->
