<?xml version="1.0" encoding="UTF-8"?>
<!-- Generated by org.testng.reporters.JUnitReportReporter -->
<testsuite name="com.weeschool.Users.SignUpUser" tests="1" time="195.422" ignored="0" failures="0" timestamp="26 Mar 2018 14:20:10 GMT" skipped="0" hostname="QT-LT1083" errors="0">
  <testcase name="signUp" time="195.422" classname="com.weeschool.Users.SignUpUser"/>
</testsuite> <!-- com.weeschool.Users.SignUpUser -->
